This file contains any messages produced by compilers while
running configure, to aid debugging if configure makes a mistake.

It was created by mrbayes configure 3.2, which was
generated by GNU Autoconf 2.69.  Invocation command line was

  $ ./configure --with-beagle=no

## --------- ##
## Platform. ##
## --------- ##

hostname = mchevrette-gazp
uname -m = x86_64
uname -r = 3.11.0-15-generic
uname -s = Linux
uname -v = #25-Ubuntu SMP Thu Jan 30 17:22:01 UTC 2014

/usr/bin/uname -p = unknown
/bin/uname -X     = unknown

/bin/arch              = unknown
/usr/bin/arch -k       = unknown
/usr/convex/getsysinfo = unknown
/usr/bin/hostinfo      = unknown
/bin/machine           = unknown
/usr/bin/oslevel       = unknown
/bin/universe          = unknown

PATH: /home/mchevrette/bin
PATH: /usr/lib/lightdm/lightdm
PATH: /usr/local/sbin
PATH: /usr/local/bin
PATH: /usr/sbin
PATH: /usr/bin
PATH: /sbin
PATH: /bin
PATH: /usr/games
PATH: /usr/local/games
PATH: /home/mchevrette/bin
PATH: /home/mchevrette/bin/x86_64
PATH: /home/mchevrette/builds
PATH: /home/mchevrette/builds/amos-3.1.0/bin
PATH: /home/mchevrette/builds/FLASH-1.2.7
PATH: /home/mchevrette/builds/musket-1.1
PATH: /home/mchevrette/builds/metAMOS-master
PATH: /home/mchevrette/builds/metaPathV0.83
PATH: /home/mchevrette/builds/Ray-2.3.0/Build
PATH: /home/mchevrette/builds/metAMOS
PATH: /home/mchevrette/builds/Prodigal-2.60
PATH: /home/mchevrette/builds/edirect


## ----------- ##
## Core tests. ##
## ----------- ##

configure:1959: checking for gcc
configure:1975: found /usr/bin/gcc
configure:1986: result: gcc
configure:2215: checking for C compiler version
configure:2224: gcc --version >&5
gcc (Ubuntu/Linaro 4.8.1-10ubuntu9) 4.8.1
Copyright (C) 2013 Free Software Foundation, Inc.
This is free software; see the source for copying conditions.  There is NO
warranty; not even for MERCHANTABILITY or FITNESS FOR A PARTICULAR PURPOSE.

configure:2235: $? = 0
configure:2224: gcc -v >&5
Using built-in specs.
COLLECT_GCC=gcc
COLLECT_LTO_WRAPPER=/usr/lib/gcc/x86_64-linux-gnu/4.8/lto-wrapper
Target: x86_64-linux-gnu
Configured with: ../src/configure -v --with-pkgversion='Ubuntu/Linaro 4.8.1-10ubuntu9' --with-bugurl=file:///usr/share/doc/gcc-4.8/README.Bugs --enable-languages=c,c++,java,go,d,fortran,objc,obj-c++ --prefix=/usr --program-suffix=-4.8 --enable-shared --enable-linker-build-id --libexecdir=/usr/lib --without-included-gettext --enable-threads=posix --with-gxx-include-dir=/usr/include/c++/4.8 --libdir=/usr/lib --enable-nls --with-sysroot=/ --enable-clocale=gnu --enable-libstdcxx-debug --enable-libstdcxx-time=yes --enable-gnu-unique-object --enable-plugin --with-system-zlib --disable-browser-plugin --enable-java-awt=gtk --enable-gtk-cairo --with-java-home=/usr/lib/jvm/java-1.5.0-gcj-4.8-amd64/jre --enable-java-home --with-jvm-root-dir=/usr/lib/jvm/java-1.5.0-gcj-4.8-amd64 --with-jvm-jar-dir=/usr/lib/jvm-exports/java-1.5.0-gcj-4.8-amd64 --with-arch-directory=amd64 --with-ecj-jar=/usr/share/java/eclipse-ecj.jar --enable-objc-gc --enable-multiarch --disable-werror --with-arch-32=i686 --with-abi=m64 --with-multilib-list=m32,m64,mx32 --with-tune=generic --enable-checking=release --build=x86_64-linux-gnu --host=x86_64-linux-gnu --target=x86_64-linux-gnu
Thread model: posix
gcc version 4.8.1 (Ubuntu/Linaro 4.8.1-10ubuntu9) 
configure:2235: $? = 0
configure:2224: gcc -V >&5
gcc: error: unrecognized command line option '-V'
gcc: fatal error: no input files
compilation terminated.
configure:2235: $? = 4
configure:2224: gcc -qversion >&5
gcc: error: unrecognized command line option '-qversion'
gcc: fatal error: no input files
compilation terminated.
configure:2235: $? = 4
configure:2255: checking whether the C compiler works
configure:2277: gcc -O3 -ffast-math -Wall -DNDEBUG   conftest.c  >&5
configure:2281: $? = 0
configure:2329: result: yes
configure:2332: checking for C compiler default output file name
configure:2334: result: a.out
configure:2340: checking for suffix of executables
configure:2347: gcc -o conftest -O3 -ffast-math -Wall -DNDEBUG   conftest.c  >&5
configure:2351: $? = 0
configure:2373: result: 
configure:2395: checking whether we are cross compiling
configure:2403: gcc -o conftest -O3 -ffast-math -Wall -DNDEBUG   conftest.c  >&5
configure:2407: $? = 0
configure:2414: ./conftest
configure:2418: $? = 0
configure:2433: result: no
configure:2438: checking for suffix of object files
configure:2460: gcc -c -O3 -ffast-math -Wall -DNDEBUG  conftest.c >&5
configure:2464: $? = 0
configure:2485: result: o
configure:2489: checking whether we are using the GNU C compiler
configure:2508: gcc -c -O3 -ffast-math -Wall -DNDEBUG  conftest.c >&5
configure:2508: $? = 0
configure:2517: result: yes
configure:2526: checking whether gcc accepts -g
configure:2546: gcc -c -g  conftest.c >&5
configure:2546: $? = 0
configure:2587: result: yes
configure:2604: checking for gcc option to accept ISO C89
configure:2667: gcc  -c -O3 -ffast-math -Wall -DNDEBUG  conftest.c >&5
configure:2667: $? = 0
configure:2680: result: none needed
configure:2707: checking how to run the C preprocessor
configure:2738: gcc -E  conftest.c
configure:2738: $? = 0
configure:2752: gcc -E  conftest.c
conftest.c:9:28: fatal error: ac_nonexistent.h: No such file or directory
 #include <ac_nonexistent.h>
                            ^
compilation terminated.
configure:2752: $? = 1
configure: failed program was:
| /* confdefs.h */
| #define PACKAGE_NAME "mrbayes"
| #define PACKAGE_TARNAME "mrbayes"
| #define PACKAGE_VERSION "3.2"
| #define PACKAGE_STRING "mrbayes 3.2"
| #define PACKAGE_BUGREPORT "http://www.mrbayes.net"
| #define PACKAGE_URL ""
| /* end confdefs.h.  */
| #include <ac_nonexistent.h>
configure:2777: result: gcc -E
configure:2797: gcc -E  conftest.c
configure:2797: $? = 0
configure:2811: gcc -E  conftest.c
conftest.c:9:28: fatal error: ac_nonexistent.h: No such file or directory
 #include <ac_nonexistent.h>
                            ^
compilation terminated.
configure:2811: $? = 1
configure: failed program was:
| /* confdefs.h */
| #define PACKAGE_NAME "mrbayes"
| #define PACKAGE_TARNAME "mrbayes"
| #define PACKAGE_VERSION "3.2"
| #define PACKAGE_STRING "mrbayes 3.2"
| #define PACKAGE_BUGREPORT "http://www.mrbayes.net"
| #define PACKAGE_URL ""
| /* end confdefs.h.  */
| #include <ac_nonexistent.h>
configure:2840: checking for grep that handles long lines and -e
configure:2898: result: /bin/grep
configure:2903: checking for egrep
configure:2965: result: /bin/grep -E
configure:2970: checking for ANSI C header files
configure:2990: gcc -c -O3 -ffast-math -Wall -DNDEBUG  conftest.c >&5
configure:2990: $? = 0
configure:3063: gcc -o conftest -O3 -ffast-math -Wall -DNDEBUG   conftest.c  >&5
configure:3063: $? = 0
configure:3063: ./conftest
configure:3063: $? = 0
configure:3074: result: yes
configure:3082: checking for exp in -lm
configure:3107: gcc -o conftest -O3 -ffast-math -Wall -DNDEBUG   conftest.c -lm   >&5
conftest.c:17:6: warning: conflicting types for built-in function 'exp' [enabled by default]
 char exp ();
      ^
configure:3107: $? = 0
configure:3116: result: yes
configure:3170: checking for a BSD-compatible install
configure:3238: result: /usr/bin/install -c
configure:3333: checking for SSE support
configure:3356: gcc -o conftest -O3 -ffast-math -Wall -DNDEBUG   conftest.c -lm  >&5
conftest.c: In function 'main':
conftest.c:14:9: warning: variable 'res' set but not used [-Wunused-but-set-variable]
     int res;
         ^
conftest.c:19:5: warning: 'm2' is used uninitialized in this function [-Wuninitialized]
  m1 = _mm_add_ps (m2, m1);
     ^
conftest.c:19:5: warning: 'm1' is used uninitialized in this function [-Wuninitialized]
configure:3356: $? = 0
configure:3356: ./conftest
configure:3356: $? = 0
configure:3357: result: yes
configure:3586: checking for readline in -lreadline
configure:3611: gcc -o conftest -O3 -ffast-math -Wall -DNDEBUG   conftest.c -lreadline  -lm  >&5
configure:3611: $? = 0
configure:3620: result: yes
configure:3633: checking for rl_completion_matches function
configure:3651: gcc -o conftest -O3 -ffast-math -Wall -DNDEBUG   -lreadline conftest.c -lreadline -lm  >&5
conftest.c: In function 'main':
conftest.c:23:8: warning: unused variable 'matches' [-Wunused-variable]
 char **matches = rl_completion_matches (text, f);
        ^
configure:3651: $? = 0
configure:3652: result: yes
configure:3665: checking for 32 or 64 bits cpu
configure:3680: gcc -o conftest -O3 -ffast-math -Wall -DNDEBUG   -lreadline conftest.c -lreadline -lm  >&5
configure:3680: $? = 0
configure:3680: ./conftest
configure:3680: $? = 0
configure:3681: result: 64
configure:3815: creating ./config.status

## ---------------------- ##
## Running config.status. ##
## ---------------------- ##

This file was extended by mrbayes config.status 3.2, which was
generated by GNU Autoconf 2.69.  Invocation command line was

  CONFIG_FILES    = 
  CONFIG_HEADERS  = 
  CONFIG_LINKS    = 
  CONFIG_COMMANDS = 
  $ ./config.status 

on mchevrette-gazp

config.status:799: creating Makefile
config.status:799: creating config.h
config.status:974: config.h is unchanged

## ---------------- ##
## Cache variables. ##
## ---------------- ##

ac_cv_c_compiler_gnu=yes
ac_cv_env_CC_set=
ac_cv_env_CC_value=
ac_cv_env_CFLAGS_set=
ac_cv_env_CFLAGS_value=
ac_cv_env_CPPFLAGS_set=
ac_cv_env_CPPFLAGS_value=
ac_cv_env_CPP_set=
ac_cv_env_CPP_value=
ac_cv_env_LDFLAGS_set=
ac_cv_env_LDFLAGS_value=
ac_cv_env_LIBS_set=
ac_cv_env_LIBS_value=
ac_cv_env_build_alias_set=
ac_cv_env_build_alias_value=
ac_cv_env_host_alias_set=
ac_cv_env_host_alias_value=
ac_cv_env_target_alias_set=
ac_cv_env_target_alias_value=
ac_cv_header_stdc=yes
ac_cv_lib_m_exp=yes
ac_cv_lib_readline_readline=yes
ac_cv_objext=o
ac_cv_path_EGREP='/bin/grep -E'
ac_cv_path_GREP=/bin/grep
ac_cv_path_install='/usr/bin/install -c'
ac_cv_prog_CPP='gcc -E'
ac_cv_prog_ac_ct_CC=gcc
ac_cv_prog_cc_c89=
ac_cv_prog_cc_g=yes

## ----------------- ##
## Output variables. ##
## ----------------- ##

CC='gcc'
CFLAGS='-O3 -ffast-math -Wall -DNDEBUG'
CPP='gcc -E'
CPPFLAGS=''
DEFS='-DHAVE_CONFIG_H'
ECHO_C=''
ECHO_N='-n'
ECHO_T=''
EGREP='/bin/grep -E'
EXEEXT=''
GREP='/bin/grep'
INSTALL_DATA='${INSTALL} -m 644'
INSTALL_PROGRAM='${INSTALL}'
INSTALL_SCRIPT='${INSTALL}'
LDFLAGS=' -lreadline'
LIBOBJS=''
LIBS='-lreadline -lm '
LTLIBOBJS=''
OBJEXT='o'
PACKAGE_BUGREPORT='http://www.mrbayes.net'
PACKAGE_NAME='mrbayes'
PACKAGE_STRING='mrbayes 3.2'
PACKAGE_TARNAME='mrbayes'
PACKAGE_URL=''
PACKAGE_VERSION='3.2'
PATH_SEPARATOR=':'
SHELL='/bin/bash'
ac_ct_CC='gcc'
bindir='${exec_prefix}/bin'
build_alias=''
datadir='${datarootdir}'
datarootdir='${prefix}/share'
docdir='${datarootdir}/doc/${PACKAGE_TARNAME}'
dvidir='${docdir}'
exec_prefix='${prefix}'
host_alias=''
htmldir='${docdir}'
includedir='${prefix}/include'
infodir='${datarootdir}/info'
libdir='${exec_prefix}/lib'
libexecdir='${exec_prefix}/libexec'
localedir='${datarootdir}/locale'
localstatedir='${prefix}/var'
mandir='${datarootdir}/man'
mpicc=''
oldincludedir='/usr/include'
pdfdir='${docdir}'
prefix='/usr/local'
program_transform_name='s,x,x,'
psdir='${docdir}'
sbindir='${exec_prefix}/sbin'
sharedstatedir='${prefix}/com'
sysconfdir='${prefix}/etc'
target_alias=''

## ----------- ##
## confdefs.h. ##
## ----------- ##

/* confdefs.h */
#define PACKAGE_NAME "mrbayes"
#define PACKAGE_TARNAME "mrbayes"
#define PACKAGE_VERSION "3.2"
#define PACKAGE_STRING "mrbayes 3.2"
#define PACKAGE_BUGREPORT "http://www.mrbayes.net"
#define PACKAGE_URL ""
#define STDC_HEADERS 1
#define HAVE_LIBM 1
#define SSE_ENABLED 1
#define UNIX_VERSION 1
#define HAVE_LIBREADLINE 1
#define COMPLETIONMATCHES 1
#define _64BIT 1

configure: exit 0
